<?xml version="1.0" encoding="UTF-8"?>
<testsuite xmlns:xsi="http://www.w3.org/2001/XMLSchema-instance" xsi:noNamespaceSchemaLocation="https://maven.apache.org/surefire/maven-surefire-plugin/xsd/surefire-test-report.xsd" name="org.example.MainTest" time="0.06" tests="1" errors="0" skipped="0" failures="1">
  <properties>
[...]
</properties>
  <testcase name="testAdd" classname="org.example.MainTest" time="0.047">
    <failure message="2 + 3 devrait être égal à 5 ==&gt; expected: &lt;5&gt; but was: &lt;11&gt;" type="org.opentest4j.AssertionFailedError"><![CDATA[org.opentest4j.AssertionFailedError: 2 + 3 devrait être égal à 5 ==> expected: <5> but was: <11>
	at org.example.MainTest.testAdd(MainTest.java:11)
]]></failure>
  </testcase>
</testsuite>